[11:58:56] [main/INFO]: Setting user: ForgeDevName
[11:58:58] [Client thread/INFO]: LWJGL Version: 2.9.1
[11:59:05] [Client thread/INFO]: Reloading ResourceManager: Default, FMLFileResourcePack:Forge Mod Loader, FMLFileResourcePack:Minecraft Forge, FMLFileResourcePack:Function Craft
[11:59:06] [Sound Library Loader/INFO]: Sound engine started
[11:59:10] [Client thread/INFO]: Created: 512x256 textures/blocks-atlas
[11:59:10] [Client thread/INFO]: Created: 256x256 textures/items-atlas
[11:59:10] [Client thread/INFO]: Reloading ResourceManager: Default, FMLFileResourcePack:Forge Mod Loader, FMLFileResourcePack:Minecraft Forge, FMLFileResourcePack:Function Craft
[11:59:10] [Client thread/INFO]: Created: 256x256 textures/items-atlas
[11:59:11] [Client thread/INFO]: Created: 512x256 textures/blocks-atlas
[11:59:12] [Sound Library Loader/INFO]: Sound engine started
[11:59:28] [Server thread/INFO]: Starting integrated minecraft server version 1.7.10
[11:59:28] [Server thread/INFO]: Generating keypair
[11:59:29] [Server thread/INFO]: Preparing start region for level 0
[11:59:30] [Server thread/INFO]: Preparing spawn area: 77%
[11:59:31] [Server thread/INFO]: ForgeDevName[local:E:2b6bf37a] logged in with entity id 366 at (233.69112190357976, 71.0, 246.5603668152126)
[11:59:31] [Server thread/INFO]: ForgeDevName joined the game
[11:59:49] [Server thread/INFO]: Saving and pausing game...
[11:59:49] [Server thread/INFO]: Saving chunks for level 'Da Test'/Overworld
[11:59:49] [Server thread/INFO]: Saving chunks for level 'Da Test'/Nether
[11:59:49] [Server thread/INFO]: Saving chunks for level 'Da Test'/The End
[11:59:50] [Server thread/INFO]: Stopping server
[11:59:50] [Server thread/INFO]: Saving players
[11:59:50] [Server thread/INFO]: Saving worlds
[11:59:50] [Server thread/INFO]: Saving chunks for level 'Da Test'/Overworld
[11:59:50] [Server thread/INFO]: Saving chunks for level 'Da Test'/Nether
[11:59:50] [Server thread/INFO]: Saving chunks for level 'Da Test'/The End
[11:59:51] [Client thread/INFO]: Stopping!
